2022/08/08 07:10:25 PM, INFO, mealpy.swarm_based.ACOR.BaseACOR: Solving single objective optimization problem.
2022/08/08 07:10:25 PM, WARNING, mealpy.swarm_based.ACOR.BaseACOR: Stopping condition mode: Maximum Generation, with maximum value is: 6
2022/08/08 07:19:48 PM, INFO, mealpy.swarm_based.ACOR.BaseACOR: >Epoch: 1, Current best: 745.9162151341128, Global best: 745.9162151341128, Runtime: 80.83659 seconds
2022/08/08 07:21:15 PM, INFO, mealpy.swarm_based.ACOR.BaseACOR: >Epoch: 2, Current best: 745.9162151341128, Global best: 745.9162151341128, Runtime: 87.64600 seconds
2022/08/08 07:23:03 PM, INFO, mealpy.swarm_based.ACOR.BaseACOR: >Epoch: 3, Current best: 745.9162151341128, Global best: 745.9162151341128, Runtime: 107.17899 seconds
2022/08/08 07:25:21 PM, INFO, mealpy.swarm_based.ACOR.BaseACOR: >Epoch: 4, Current best: 745.9162151341128, Global best: 745.9162151341128, Runtime: 138.25087 seconds
2022/08/08 07:27:06 PM, INFO, mealpy.swarm_based.ACOR.BaseACOR: >Epoch: 5, Current best: 745.9162151341128, Global best: 745.9162151341128, Runtime: 104.77712 seconds
2022/08/08 07:29:04 PM, INFO, mealpy.swarm_based.ACOR.BaseACOR: >Epoch: 6, Current best: 745.9162151341128, Global best: 745.9162151341128, Runtime: 118.28943 seconds
2022/08/08 07:29:04 PM, WARNING, mealpy.swarm_based.ACOR.BaseACOR: Stopping criterion with mode Maximum Generation occurred. End program!
======== EVALUATION HISTORY ========
solution: [ 17.61195991 27.08347396 12.85819704 4.88508108 441.33306933
 7.94717347 11.09963567 16.53292786 17.29492736]
acc: [442, 536, 858, 1405, 2134, 3032, 4296]
solution: [ 15.15004344 45.00452902 19.4275346 27.32257122 149.69429634
 18.41096056 1.74423024 10.24847546 1.55867177]
acc: [151, 178, 279, 488, 758, 1108, 1627]
solution: [ 9.61846557 49.96987766 31.48389031 6.41087865 497.35533261
 18.75854964 12.79009277 1.39995341 7.74152856]
acc: [500, 529, 728, 1089, 1500, 1982, 2604]
solution: [ 17.4652043 23.4240898 12.04016522 30.39390602 153.34389778
 17.07594302 16.23834414 4.29537807 20.23023954]
acc: [153, 167, 266, 448, 661, 977, 1415]
solution: [ 4.53304738 6.95054921 5.83374592 43.68513514 335.43162743
 15.32938202 19.78985368 13.7061976 3.87079873]
acc: [335, 352, 424, 560, 737, 903, 1119]
solution: [ 1.46367935 5.97012022 31.93582058 46.37599756 883.31781769
 7.20918567 14.02039128 13.83995666 19.58656174]
acc: [883, 893, 976, 1096, 1234, 1394, 1542]
solution: [ 6.60206607 38.84657222 23.90675396 45.20915748 383.1113881
 10.33911611 16.09019506 16.1066336 16.81407602]
acc: [386, 410, 552, 804, 1107, 1463, 1867]
solution: [ 17.04976073 16.39555225 3.65723389 34.92145609 516.31292246
 19.29490685 16.5415431 5.47483413 18.49512217]
acc: [517, 604, 967, 1581, 2326, 3459, 5094]
solution: [19.71557885 10.08010972 17.48863567 42.79623221 16.15038788 16.28453867
 4.80283661 13.53422437 6.02918229]
acc: [16, 20, 32, 55, 90, 121, 194]
solution: [ 19.77053646 22.35054695 22.7757755 4.32807077 359.34543885
 14.01060276 11.10551408 16.86844293 3.19942606]
acc: [362, 418, 681, 1159, 1764, 2621, 3969]
solution: [ 10.66199605 44.81402799 8.08860852 37.9108852 504.35959097
 9.77665508 20.26823674 19.54357986 6.1191408 ]
acc: [505, 559, 764, 1134, 1641, 2202, 2896]
solution: [ 19.87661308 1.54218135 0. 50. 431.12612138
 20.2214102 12.72140621 14.94039687 2.61796458]
acc: [435, 520, 989, 1694, 2729, 4850, 8498]
solution: [ 10.28402996 50. 13.96686465 33.22624346 246.64864739
 17.17238821 0. 0. 0.89148534]
acc: [247, 266, 368, 505, 714, 958, 1288]
solution: [ 6.40401743 50. 0. 36.68038061 0. 16.50539262
 7.51535765 11.68698111 5.58281806]
acc: [0, 0, 0, 0, 0, 0, 0]
solution: [ 20. 30.84661338 10.3374394 20.44689512 885.32092474
 21. 19.10818741 0. 21. ]
acc: [892, 1063, 1727, 2897, 4330, 6232, 9270]
solution: [ 14.38948394 50. 23.31367245 43.63038999 286.80855596
 12.35722906 15.87087149 10.70250375 13.58929926]
acc: [288, 339, 506, 856, 1296, 1820, 2552]
solution: [ 8.80100566 25.73673266 0. 33.3574367 596.00422082
 12.05123028 16.79848614 12.10117059 4.641622 ]
acc: [597, 638, 836, 1184, 1606, 2089, 2784]
solution: [ 16.2674743 50. 24.40067347 50. 196.43759037
 7.735312 11.74395346 15.55740424 3.68670722]
acc: [197, 235, 389, 679, 1041, 1506, 2139]
solution: [13.39074841 50. 13.82032876 26.0885816 0. 15.92243246
 12.22970216 17.77034039 0.78069466]
acc: [0, 0, 0, 0, 0, 0, 0]
solution: [ 0. 29.55317932 35.01845179 41.29211053 320.68321872
 12.25836666 13.10294719 10.34336295 0. ]
acc: [321, 321, 321, 321, 321, 321, 321]
solution: [ 0. 0. 5.3938766 40.62533 584.04943982
 15.23465829 12.73472156 21. 21. ]
acc: [584, 584, 584, 584, 584, 584, 584]
solution: [ 3.17279934 49.04219978 0. 33.06066452 367.40864608
 13.31844124 13.45545252 21. 21. ]
acc: [367, 373, 434, 514, 650, 763, 866]
solution: [ 20. 27.53177887 34.21094161 0. 342.29914788
 0.60305364 7.52674256 12.148355 5.34232578]
acc: [342, 423, 737, 1298, 2023, 3127, 4820]