2022/08/08 03:53:24 PM, INFO, mealpy.swarm_based.PSO.BasePSO: Solving single objective optimization problem.
2022/08/08 03:53:24 PM, WARNING, mealpy.swarm_based.PSO.BasePSO: Stopping condition mode: Maximum Generation, with maximum value is: 6
2022/08/08 04:17:43 PM, INFO, mealpy.swarm_based.PSO.BasePSO: >Epoch: 1, Current best: 589.0146735984475, Global best: 589.0146735984475, Runtime: 921.90223 seconds
2022/08/08 04:32:56 PM, INFO, mealpy.swarm_based.PSO.BasePSO: >Epoch: 2, Current best: 568.7235080172338, Global best: 568.7235080172338, Runtime: 913.58855 seconds
2022/08/08 04:48:21 PM, INFO, mealpy.swarm_based.PSO.BasePSO: >Epoch: 3, Current best: 526.7001044237603, Global best: 526.7001044237603, Runtime: 925.20394 seconds
2022/08/08 05:05:49 PM, INFO, mealpy.swarm_based.PSO.BasePSO: >Epoch: 4, Current best: 474.08392867568443, Global best: 474.08392867568443, Runtime: 1047.62467 seconds
2022/08/08 05:23:48 PM, INFO, mealpy.swarm_based.PSO.BasePSO: >Epoch: 5, Current best: 418.4575417957171, Global best: 418.4575417957171, Runtime: 1078.62034 seconds
2022/08/08 05:39:50 PM, INFO, mealpy.swarm_based.PSO.BasePSO: >Epoch: 6, Current best: 418.4575417957171, Global best: 418.4575417957171, Runtime: 962.51861 seconds
2022/08/08 05:39:50 PM, WARNING, mealpy.swarm_based.PSO.BasePSO: Stopping criterion with mode Maximum Generation occurred. End program!
======== EVALUATION HISTORY ========
solution: [ 8.99721427 26.11845452 35.80841157 5.08961189 157.38328874
 20.50506081 17.71323193 10.52485343 18.85596837]
acc: [158, 167, 223, 329, 449, 593, 771]
solution: [2.34537981e+00 4.54874544e-02 4.06507680e-01 4.64110142e+01
 9.28851436e+01 2.90576762e+00 1.15811994e+01 1.22237479e+00
 6.07879654e+00]
acc: [93, 94, 99, 112, 132, 151, 169]
solution: [ 6.69364178 42.08435476 25.07393127 49.70418128 301.98110356
 10.33151177 4.93095671 2.67078672 11.55744926]
acc: [302, 320, 386, 531, 753, 946, 1158]
solution: [9.03568475e+00 9.83890443e-01 6.27059869e+00 3.69552243e+01
 9.66384935e+02 1.68924069e+01 1.87702390e+01 7.52735497e+00
 8.43613147e-02]
acc: [969, 1059, 1448, 2114, 3008, 4122, 5684]
solution: [ 16.18581909 33.35391594 23.52188477 27.58370227 345.9253123
 6.9711713 1.55574562 11.01860294 13.71844403]
acc: [350, 411, 667, 1141, 1756, 2541, 3688]
solution: [ 12.00685825 21.73928683 43.76230863 28.31759683 246.12308912
 16.67286501 13.12552317 20.73324975 18.58966002]
acc: [249, 264, 411, 674, 1016, 1439, 2096]
solution: [ 5.42120152 46.4194766 35.82743653 34.76290368 950.08551156
 13.76616591 7.45410092 14.31908806 20.2834187 ]
acc: [952, 1008, 1263, 1757, 2394, 3012, 3705]
solution: [ 8.81262836 45.36714287 2.31484321 27.72891447 607.51117227
 17.89030782 8.0017205 5.4512413 15.51678867]
acc: [611, 659, 820, 1208, 1628, 2133, 2809]
solution: [ 12.5543438 47.36116424 34.32028187 4.83876128 737.80623918
 11.78731573 20.82997186 18.54427728 16.37039858]
acc: [740, 818, 1177, 1888, 2758, 3746, 5154]
solution: [ 17.48582785 14.69289921 26.09947733 40.63062148 160.55704984
 5.77352505 17.79976672 17.26217938 10.18021675]
acc: [162, 196, 355, 658, 1014, 1572, 2405]
solution: [ 15.41244193 35.24192302 27.49760149 6.4357225 485.95633362
 19.76136797 13.70478718 7.00458352 10.79272968]
acc: [490, 573, 889, 1492, 2285, 3260, 4629]
solution: [2.85608753e+00 5.00000000e+01 5.00000000e+01 2.31801389e+01
 1.00000000e+03 1.84822087e+01 6.26552389e-01 2.08065348e+01
 2.10000000e+01]
acc: [1001, 1018, 1150, 1390, 1694, 2000, 2278]
solution: [ 0. 50. 30.21582807 36.16535318 1000.
 16.84290096 17.87819472 17.0084992 21. ]
acc: [1000, 1000, 1000, 1000, 1000, 1000, 1000]
solution: [ 10.42433606 50. 50. 34.89076801 870.9674897
 19.01942605 2.70870395 21. 20.74739941]
acc: [875, 969, 1400, 2215, 3266, 4519, 6126]
solution: [ 0. 37.88010282 25.55014877 48.65653297 827.58221047
 21. 7.04631045 21. 21. ]
acc: [828, 828, 828, 828, 828, 828, 828]
solution: [ 10.74100089 24.73966514 48.76545022 34.41542015 1000.
 15.25022234 5.47597697 9.72205539 21. ]
acc: [1006, 1114, 1620, 2605, 3825, 5380, 7536]
solution: [ 1.5866671 50. 14.76952559 30.61976525 1000.
 17.09513224 10.60011161 14.32586741 20.29335101]
acc: [1000, 1014, 1069, 1189, 1324, 1470, 1608]
solution: [ 4.92971594 50. 20.17930151 37.92066579 490.53450976
 13.22851601 15.12607895 11.11721143 21. ]
acc: [491, 521, 639, 878, 1170, 1446, 1783]
solution: [ 12.48352611 45.84663887 50. 26.39177648 1000.
 15.54692372 18.6671826 19.65155651 21. ]
acc: [1002, 1137, 1711, 2883, 4310, 6065, 8582]
solution: [ 0. 50. 50. 24.89585556 1000.
 21. 0. 17.63309013 21. ]
acc: [1000, 1000, 1000, 1000, 1000, 1000, 1000]
solution: [ 0. 50. 38.93558431 50. 856.39759976
 4.85973493 0. 17.09057125 21. ]
acc: [856, 856, 856, 856, 856, 856, 856]
solution: [ 5.5862296 50. 50. 12.5260873 1000.
 21. 0. 21. 21. ]
acc: [1002, 1052, 1308, 1793, 2377, 3022, 3734]
solution: [ 0. 50. 40.44838922 22.58025915 1000.
 19.62965298 19.11803718 21. 21. ]
acc: [1000, 1000, 1000, 1000, 1000, 1000, 1000]
solution: [ 12.36695894 50. 50. 36.06920366 879.73334862
 20.69958915 8.79175529 20.61679241 9.8897315 ]
acc: [884, 986, 1489, 2355, 3536, 5031, 7142]
solution: [10.83508444 20.55722278 9.23504524 39.13700764 26.54560576 16.03676618
 0. 19.29267823 21. ]
acc: [27, 30, 44, 70, 95, 131, 181]
solution: [ 1.98261964 50. 34.73782424 40.40083237 1000.
 11.84440586 1.42489509 6.39653625 21. ]
acc: [1000, 1025, 1119, 1294, 1519, 1737, 1947]
solution: [ 1.58688013 50. 14.77069548 30.61999542 1000.
 17.0949473 10.59993683 14.32586704 20.29335046]
acc: [1000, 1014, 1069, 1189, 1324, 1470, 1608]
solution: [ 5.42093863 50. 15.32639338 36.90172651 440.94348003
 13.82586364 15.2049669 9.83301976 21. ]
acc: [442, 474, 576, 764, 1035, 1293, 1619]
solution: [ 9.73005274 45.48322044 50. 37.94165203 1000.
 16.31057443 13.50405835 18.02052198 21. ]
acc: [1000, 1099, 1532, 2411, 3468, 4819, 6595]
solution: [ 0. 50. 50. 25.89433049 1000.
 20.75897848 0. 18.13343956 21. ]
acc: [1000, 1000, 1000, 1000, 1000, 1000, 1000]
solution: [6.38895990e-01 5.00000000e+01 3.60662759e+01 4.44053048e+01
 6.96537743e+02 6.92522240e+00 2.90754531e-01 1.45710029e+01
 1.81697628e+01]
acc: [697, 699, 715, 763, 812, 853, 887]
solution: [ 8.04308446 50. 50. 2.93850625 1000.
 21. 0. 21. 21. ]
acc: [1001, 1076, 1473, 2138, 3013, 4055, 5238]
solution: [ 1.25307563 50. 41.71407465 22.06574176 1000.
 19.42803348 10.27284082 21. 21. ]
acc: [1000, 1011, 1061, 1155, 1263, 1364, 1469]
solution: [1.41738116e+01 3.05502110e+01 4.19972976e+01 2.97369931e+01
 9.04238882e+02 2.10000000e+01 1.17990060e+01 1.95454895e+01
 3.35798215e-01]
acc: [906, 1031, 1646, 2795, 4282, 6279, 9165]
solution: [12.76302116 18.26865405 7.22367897 37.55585091 0. 14.91727715
 0. 18.79091746 20.2598045 ]
acc: [0, 0, 0, 0, 0, 0, 0]
solution: [6.16141644e-01 5.00000000e+01 4.97077950e+01 0.00000000e+00
 1.00000000e+03 2.10000000e+01 0.00000000e+00 2.10000000e+01
 2.10000000e+01]
acc: [1000, 1004, 1027, 1081, 1150, 1211, 1255]
solution: [ 1.73622725 50. 27.57945742 10.52505555 1000.
 21. 3.86357181 20.3633344 20.94091666]
acc: [1000, 1011, 1074, 1181, 1333, 1477, 1610]
solution: [ 5.00207563 50. 34.93822509 16.33525989 548.46893492
 20.2020659 7.81313431 17.89167799 21. ]
acc: [549, 587, 714, 936, 1219, 1533, 1845]
solution: [ 5.00438384 50. 50. 22.13582274 1000.
 21. 0. 21. 21. ]
acc: [1003, 1059, 1286, 1736, 2289, 2907, 3588]
solution: [ 5.03811422 36.76744316 50. 19.6277418 782.37423539
 16.23728268 0.78805671 21. 21. ]
acc: [783, 838, 1022, 1397, 1838, 2325, 2864]
solution: [ 9.67879496 50. 34.60213586 9.53820248 301.0618902
 15.37736749 2.73962878 10.83937957 9.95371583]
acc: [302, 337, 474, 716, 1029, 1380, 1825]
solution: [ 10.2538853 50. 50. 0. 1000.
 21. 0. 21. 21. ]
acc: [1003, 1097, 1512, 2369, 3437, 4674, 6297]
solution: [ 4.28530635 50. 45.17726858 16.23741408 1000.
 19.68755509 0. 21. 21. ]
acc: [1000, 1041, 1276, 1650, 2154, 2623, 3134]
solution: [ 14.05137724 50. 50. 0. 936.04719238
 21. 0. 21. 20.12509331]
acc: [938, 1067, 1602, 2634, 3994, 5726, 8284]
solution: [ 1.15160349 42.07388783 45.08907734 2.18414953 854.53402882
 21. 0. 21. 21. ]
acc: [855, 866, 906, 1006, 1124, 1228, 1349]
solution: [ 6.39847539 50. 50. 0. 1000.
 21. 0. 21. 21. ]
acc: [1002, 1063, 1340, 1833, 2501, 3229, 4100]
solution: [ 6.50058714 50. 41.33172908 0. 1000.
 21. 0. 21. 21. ]
acc: [1002, 1064, 1336, 1838, 2478, 3148, 3833]
solution: [ 7.83511054 50. 8.43636635 20.72678543 330.35461361
 18.47378991 12.25993655 9.25008361 21. ]
acc: [331, 350, 440, 637, 873, 1114, 1416]
solution: [ 13.88932004 47.92407754 50. 8.31130803 1000.
 19.81232639 14.06882198 21. 21. ]
acc: [1003, 1140, 1739, 2833, 4276, 6051, 8648]
solution: [ 0. 50. 50. 0. 1000. 21. 0. 21. 21.]
acc: [1000, 1000, 1000, 1000, 1000, 1000, 1000]
solution: [ 9.77140445 50. 37.50314868 5.01895819 367.35177239
 15.53731744 0.97317426 12.64370335 11.26986443]
acc: [368, 404, 560, 875, 1282, 1764, 2343]
solution: [ 8.25803818 50. 50. 0. 1000.
 21. 0. 21. 21. ]
acc: [1003, 1088, 1459, 2105, 2962, 3930, 5201]
solution: [ 8.97291076 50. 50. 0. 1000.
 21. 0. 21. 21. ]
acc: [1003, 1091, 1490, 2218, 3152, 4282, 5676]
solution: [ 13.02168353 50. 50. 5.65110272 922.36671955
 21. 1.68127508 21. 11.61080025]
acc: [924, 1048, 1567, 2542, 3769, 5384, 7567]
solution: [ 4.68783261 32.02347906 29.10195391 14.59789398 459.61403015
 21. 0. 21. 21. ]
acc: [460, 485, 569, 751, 966, 1167, 1440]
solution: [ 10.3718624 50. 50. 0. 1000.
 21. 0. 21. 21. ]
acc: [1003, 1097, 1513, 2383, 3455, 4724, 6401]
solution: [ 7.41230324 50. 50. 0. 1000.
 21. 0. 21. 21. ]
acc: [1003, 1073, 1380, 1972, 2797, 3623, 4708]
solution: [ 6.91925278 50. 12.77957207 16.95780365 366.12103862
 18.75701315 11.53083917 10.66617796 21. ]
acc: [366, 386, 491, 682, 917, 1168, 1467]
solution: [ 4.12783715 50. 50. 0. 1000.
 21. 0. 21. 21. ]
acc: [1000, 1031, 1216, 1556, 1954, 2448, 2954]
solution: [ 0. 50. 50. 0. 1000. 21. 0. 21. 21.]
acc: [1000, 1000, 1000, 1000, 1000, 1000, 1000]
solution: [ 2.29687436 50. 50. 0. 741.74428088
 16.43966693 0. 21. 18.70395007]
acc: [742, 762, 822, 978, 1187, 1360, 1504]
solution: [ 6.78214799 50. 50. 0. 1000.
 21. 0. 21. 21. ]
acc: [1003, 1068, 1366, 1910, 2630, 3401, 4335]
solution: [ 11.94081191 50. 50. 0. 1000.
 21. 0. 21. 21. ]
acc: [1003, 1116, 1584, 2575, 3871, 5355, 7417]
solution: [ 15.27477571 15.6099559 28.6668884 36.83359873 894.00664888
 21. 17.51950516 15.43833876 0. ]
acc: [895, 1035, 1679, 2814, 4274, 6186, 9181]
solution: [ 9.637658 24.24820699 16.73377963 27.48289684 154.09099272
 19.95322438 0. 21. 21. ]
acc: [154, 170, 242, 366, 518, 689, 907]
solution: [ 11.17234538 50. 50. 0. 1000.
 21. 0. 21. 21. ]
acc: [1003, 1103, 1563, 2465, 3635, 5104, 7042]
solution: [ 8.2326198 50. 50. 0. 1000.
 21. 0. 21. 21. ]
acc: [1003, 1088, 1458, 2098, 2934, 3940, 5219]
solution: [ 8.04994546 50. 0. 29.02181476 195.38291887
 17.4040992 15.01177666 3.90142967 21. ]
acc: [196, 218, 273, 394, 530, 724, 938]
solution: [ 9.57593264 49.94822228 50. 2.88082501 1000.
 21. 0. 21. 21. ]
acc: [1001, 1094, 1524, 2365, 3427, 4626, 6241]
solution: [ 0. 50. 50. 0. 1000. 21. 0. 21. 21.]
acc: [1000, 1000, 1000, 1000, 1000, 1000, 1000]
solution: [ 7.39240446 50. 43.21384705 1.75997447 497.84526134
 15.85219028 0. 16.1955497 13.86073483]
acc: [500, 523, 684, 1032, 1398, 1802, 2321]
