2022/08/08 05:55:44 PM, INFO, mealpy.evolutionary_based.DE.SHADE: Solving single objective optimization problem.
2022/08/08 05:55:44 PM, WARNING, mealpy.evolutionary_based.DE.SHADE: Stopping condition mode: Maximum Generation, with maximum value is: 6
2022/08/08 06:15:43 PM, INFO, mealpy.evolutionary_based.DE.SHADE: >Epoch: 1, Current best: 657.4152851454377, Global best: 657.4152851454377, Runtime: 610.61575 seconds
2022/08/08 06:25:11 PM, INFO, mealpy.evolutionary_based.DE.SHADE: >Epoch: 2, Current best: 535.2409337325174, Global best: 535.2409337325174, Runtime: 567.91546 seconds
2022/08/08 06:35:54 PM, INFO, mealpy.evolutionary_based.DE.SHADE: >Epoch: 3, Current best: 535.2409337325174, Global best: 535.2409337325174, Runtime: 643.04773 seconds
2022/08/08 06:46:41 PM, INFO, mealpy.evolutionary_based.DE.SHADE: >Epoch: 4, Current best: 535.2409337325174, Global best: 535.2409337325174, Runtime: 647.07963 seconds
2022/08/08 06:54:50 PM, INFO, mealpy.evolutionary_based.DE.SHADE: >Epoch: 5, Current best: 410.4681995686668, Global best: 410.4681995686668, Runtime: 489.77149 seconds
2022/08/08 07:03:05 PM, INFO, mealpy.evolutionary_based.DE.SHADE: >Epoch: 6, Current best: 407.2237012467998, Global best: 407.2237012467998, Runtime: 494.65662 seconds
2022/08/08 07:03:05 PM, WARNING, mealpy.evolutionary_based.DE.SHADE: Stopping criterion with mode Maximum Generation occurred. End program!
======== EVALUATION HISTORY ========
solution: [ 14.10165458 31.28097728 10.06064162 39.05551944 573.66941944
 20.89186109 0.86902274 10.48970486 13.72331279]
acc: [575, 651, 963, 1550, 2328, 3262, 4662]
solution: [ 2.87913957 22.57434669 44.16270631 1.14734117 94.00491685 6.53128379
 11.95399702 7.58343987 11.90572205]
acc: [95, 97, 109, 129, 155, 189, 217]
solution: [3.36605027e+00 1.30248454e+01 1.43007195e+01 2.27110797e+01
 2.59144508e+02 1.82250062e-01 1.30301515e+01 1.73094604e+01
 4.61781200e+00]
acc: [260, 270, 312, 376, 482, 579, 671]
solution: [ 14.11768513 2.73967178 41.53354408 42.62087018 443.90544217
 11.96906113 10.24585637 16.98079711 10.17120779]
acc: [445, 503, 803, 1347, 2100, 3132, 4792]
solution: [ 7.4417989 20.23213517 37.66312115 5.28552674 46.21429771 8.43076331
 20.10361237 9.44119415 8.90056407]
acc: [46, 48, 61, 91, 132, 174, 223]
solution: [9.42169225e+00 2.62402464e-01 4.52375232e+01 1.94778125e+01
 2.73871540e+02 1.87041869e+00 1.97149420e+01 2.08457790e+01
 6.09734534e+00]
acc: [275, 300, 443, 723, 1042, 1444, 2004]
solution: [ 10.76029108 17.12009025 29.13575994 24.72304531 831.20153707
 17.8697941 12.94653884 6.64395243 9.1106599 ]
acc: [835, 940, 1402, 2191, 3178, 4470, 6142]
solution: [1.51247622e+01 4.72780596e+01 4.49452808e+00 4.57656773e-01
 8.71429226e+02 3.87851247e-01 5.28176982e+00 1.46832863e+01
 8.84025936e-01]
acc: [875, 979, 1406, 2128, 3163, 4485, 6284]
solution: [ 14.58405397 35.97010199 43.76197311 17.1438201 109.17381446
 8.30821237 19.67064204 13.85188049 14.24034193]
acc: [109, 124, 179, 310, 474, 731, 1022]
solution: [ 17.55873069 45.71155422 3.58464966 31.73846627 476.15521622
 6.7133971 11.43740601 5.240179 16.76129511]
acc: [478, 549, 830, 1415, 2157, 3084, 4550]
solution: [ 10.3467607 43.18701753 1.97689718 15.83988184 737.55000609
 15.02091718 3.14033713 8.68510438 3.99282548]
acc: [743, 799, 1118, 1616, 2268, 3001, 3966]
solution: [ 5.48334309 25.62704834 39.52682845 1.14734117 108.36990078
 5.56469155 12.87955677 6.89488162 11.90572205]
acc: [108, 110, 128, 171, 228, 285, 352]
solution: [5.75516142e+00 1.30248454e+01 1.43007195e+01 2.72485216e+01
 2.59144508e+02 1.82250062e-01 1.30301515e+01 1.74108249e+01
 4.30840806e+00]
acc: [260, 274, 347, 491, 640, 813, 1005]
solution: [ 11.90562236 2.73967178 41.53354408 31.71925731 363.81041753
 11.96906113 10.24585637 16.98079711 10.17120779]
acc: [368, 396, 604, 943, 1395, 1947, 2850]
solution: [ 7.4417989 20.23213517 19.68641291 26.49323342 46.21429771 0.
 18.20580914 9.44119415 13.74798055]
acc: [46, 46, 68, 83, 107, 132, 180]
solution: [9.42169225e+00 2.62402464e-01 4.52375232e+01 1.85095040e+01
 2.73871540e+02 1.87041869e+00 1.81620159e+01 1.90791034e+01
 6.09734534e+00]
acc: [275, 300, 443, 723, 1042, 1444, 2004]
solution: [ 10.76029108 17.12009025 29.13575994 13.91101151 749.56387997
 16.44862446 8.0604937 6.64395243 3.65935249]
acc: [753, 824, 1206, 1980, 2863, 3974, 5540]
solution: [1.51247622e+01 4.72780596e+01 4.49452808e+00 2.11841112e+01
 8.71429226e+02 1.23243231e-01 2.10000000e+01 1.46832863e+01
 2.10000000e+01]
acc: [876, 990, 1479, 2332, 3316, 4718, 6771]
solution: [ 10.91371076 35.97010199 43.76197311 24.26177521 480.6242747
 8.30821237 19.67064204 15.0446323 14.24034193]
acc: [481, 536, 779, 1221, 1823, 2522, 3446]
solution: [ 14.44751634 45.71155422 3.87091885 31.73846627 476.15521622
 8.85654049 11.95753292 5.240179 12.74897705]
acc: [478, 537, 771, 1253, 1837, 2618, 3670]
solution: [ 11.98487961 43.18701753 6.98981745 23.11155899 605.47450538
 15.02091718 3.14033713 5.4063572 3.99282548]
acc: [606, 676, 978, 1520, 2239, 3121, 4270]
solution: [ 7.35023437 15.5778556 39.52682845 1.14734117 108.36990078
 7.23612946 7.51105531 11.09855522 3.01487112]
acc: [108, 114, 156, 254, 348, 457, 621]
solution: [5.75516142e+00 1.30248454e+01 0.00000000e+00 1.13618818e+01
 2.59144508e+02 1.82250062e-01 2.07654353e+00 1.33110906e+01
 0.00000000e+00]
acc: [260, 282, 345, 453, 594, 731, 878]
solution: [ 17.40531101 2.73967178 41.53354408 42.62087018 443.90544217
 11.96906113 10.24585637 0. 6.18030566]
acc: [445, 511, 869, 1548, 2495, 3819, 6191]
solution: [ 10.53948435 20.23213517 37.66312115 5.28552674 392.73941112
 8.43076331 11.69105751 9.44119415 5.62661969]
acc: [394, 439, 644, 1039, 1584, 2164, 2969]
solution: [ 6.48489159 11.16345047 45.23752319 27.85890265 565.7353001
 1.87041869 7.93506152 20.845779 6.67012664]
acc: [566, 596, 748, 1047, 1449, 1873, 2432]
solution: [ 10.76029108 29.00271496 16.28790955 24.34817028 749.56387997
 16.44862446 2.07041568 6.64395243 5.49407615]
acc: [751, 822, 1203, 1879, 2703, 3633, 4856]
solution: [1.51247622e+01 5.00000000e+01 0.00000000e+00 1.45412570e+01
 8.71429226e+02 3.87851247e-01 5.28176982e+00 1.46832863e+01
 7.75869663e+00]
acc: [877, 991, 1457, 2336, 3517, 4954, 7133]
solution: [ 13.82195217 35.97010199 25.71219143 38.02641289 792.26346322
 8.30821237 7.10824992 15.0446323 14.24034193]
acc: [798, 895, 1371, 2247, 3377, 4729, 6690]
solution: [ 11.30319717 0. 23.97751306 14.6771075 526.45019289
 9.2014631 11.43740601 10.67662397 0.73100732]
acc: [529, 591, 892, 1416, 2062, 2917, 4166]
solution: [ 10.3467607 43.18701753 3.88884296 4.1582726 839.22091014
 3.90823631 3.14033713 13.24025928 3.99282548]
acc: [840, 915, 1196, 1730, 2386, 3161, 4113]
solution: [2.57165467e-01 1.55778556e+01 3.95268284e+01 1.90297732e+01
 7.84724019e+02 1.12802529e+01 0.00000000e+00 2.10000000e+01
 0.00000000e+00]
acc: [785, 788, 795, 827, 849, 867, 891]
solution: [ 11.36186783 13.02484542 14.30071951 27.2485216 259.14450802
 0. 6.14139158 18.83597315 4.30840806]
acc: [260, 288, 422, 683, 984, 1336, 1804]
solution: [ 14.11768513 2.73967178 41.53354408 0. 443.90544217
 11.96906113 10.24585637 4.11150311 4.03453805]
acc: [446, 495, 810, 1364, 2173, 3188, 4842]
solution: [ 12.44813773 31.89971801 37.66312115 27.50236889 392.73941112
 17.48832718 11.69105751 5.62908231 6.86020048]
acc: [393, 455, 730, 1224, 1876, 2615, 3736]
solution: [ 8.77564912 11.16345047 45.23752319 27.85890265 431.0760405
 1.87041869 9.31218236 20.845779 6.67012664]
acc: [431, 465, 651, 995, 1407, 1931, 2627]
solution: [ 8.60200184 22.26929579 24.40604707 24.34817028 749.56387997
 15.50472885 1.38780937 6.64395243 3.52730924]
acc: [752, 826, 1149, 1721, 2402, 3221, 4204]
solution: [1.51247622e+01 2.46693564e+01 4.49452808e+00 4.57656773e-01
 6.54408386e+02 6.26673797e+00 7.80165357e+00 1.58495553e+01
 5.59841162e+00]
acc: [655, 743, 1101, 1740, 2523, 3525, 4961]
solution: [ 10.67305954 25.84959537 39.84002612 24.26177521 480.6242747
 8.30821237 14.53926523 11.44126768 8.70117452]
acc: [481, 529, 782, 1237, 1790, 2493, 3518]
solution: [ 14.06546765 45.71155422 24.70572386 31.73846627 478.50458416
 6.7133971 11.43740601 5.240179 16.76129511]
acc: [481, 540, 881, 1445, 2156, 3027, 4351]
solution: [ 17.40531101 38.74416719 3.88884296 31.82486134 745.09482149
 3.90823631 0. 13.24025928 8.01502933]
acc: [750, 885, 1374, 2242, 3464, 5059, 7523]
solution: [ 7.8538271 15.5778556 22.66298483 19.02977315 784.72401881
 11.28025293 0. 10.5006955 0. ]
acc: [789, 858, 1150, 1716, 2405, 3161, 4101]
solution: [ 6.60492002 14.71662023 43.54461698 27.2485216 441.93486089
 0. 4.38906001 13.91127766 5.85332718]
acc: [442, 473, 630, 927, 1303, 1711, 2210]
solution: [ 17.17809224 2.73967178 41.53354408 8.37203623 470.76545083
 11.96906113 11.66833205 4.11150311 8.30739587]
acc: [473, 564, 969, 1743, 2751, 4249, 6817]
solution: [ 12.44813773 47.36079099 31.96950415 28.19563077 392.73941112
 20.43301565 11.69105751 0. 6.86020048]
acc: [395, 465, 707, 1155, 1710, 2407, 3364]
solution: [ 12.67654462 25.84674346 24.37082403 21.92004551 551.57843218
 4.19856501 7.98710916 13.75052505 7.58015886]
acc: [554, 617, 908, 1467, 2127, 2996, 4155]
solution: [ 10.76029108 23.78459237 21.18322445 22.74776935 717.16173006
 20.51940153 2.16624542 6.79088041 5.49407615]
acc: [718, 802, 1143, 1868, 2686, 3654, 4924]
solution: [ 12.29817662 31.06247888 16.13642632 2.1123332 791.33633989
 6.07939862 7.22954977 15.61945486 5.59841162]
acc: [794, 891, 1314, 2065, 3020, 4156, 5609]
solution: [ 12.8459947 25.84959537 39.84002612 22.55618451 480.6242747
 8.30821237 5.40773508 1.97819298 6.51801986]
acc: [483, 542, 844, 1349, 2060, 2845, 4056]
solution: [ 14.06546765 45.71155422 24.70572386 22.39018004 536.92870214
 6.7133971 11.43740601 5.36105217 13.61734889]
acc: [537, 620, 1014, 1617, 2497, 3489, 4928]
solution: [ 8.87696782 35.63013919 10.20054489 4.1582726 871.16658405
 3.90823631 1.15803532 21. 4.8623733 ]
acc: [872, 949, 1235, 1786, 2417, 3155, 4014]
solution: [ 7.09882182 35.19727496 22.66298483 8.51059338 1000.
 15.40397389 0. 13.36878831 0. ]
acc: [1002, 1072, 1397, 1942, 2612, 3387, 4262]
solution: [ 6.60492002 22.28225787 43.54461698 27.2485216 441.93486089
 0. 0. 13.91127766 5.85332718]
acc: [444, 470, 606, 861, 1183, 1541, 1916]
solution: [ 13.31797647 2.73967178 0. 0. 910.71813698
 4.12292725 10.24585637 4.11150311 0. ]
acc: [916, 1020, 1453, 2125, 2909, 3865, 5079]
solution: [ 10.96379542 31.89971801 6.76250437 7.32805222 392.73941112
 16.0183184 2.15317162 13.27388108 1.84190521]
acc: [393, 418, 582, 865, 1180, 1584, 2054]
solution: [ 12.67654462 25.84674346 24.37082403 3.95940033 551.57843218
 4.19856501 3.69061556 20.75334029 7.58015886]
acc: [553, 611, 913, 1439, 2124, 2910, 4060]
solution: [ 10.76029108 36.66370478 16.28790955 13.6151601 818.70626004
 16.44862446 2.11626616 7.68910314 5.50830639]
acc: [821, 912, 1278, 1926, 2787, 3812, 5097]
solution: [1.51247622e+01 2.46693564e+01 1.28422393e+01 4.57656773e-01
 6.54408386e+02 0.00000000e+00 7.80165357e+00 1.58495553e+01
 4.34280799e+00]
acc: [655, 743, 1151, 1871, 2765, 3886, 5450]
solution: [ 12.8459947 27.67605168 24.2726618 22.55618451 960.77429858
 9.02885642 5.40773508 1.97819298 7.96404732]
acc: [966, 1099, 1703, 2736, 4096, 5752, 8063]
solution: [ 14.93627925 28.41344773 8.09075713 4.36016596 633.50492938
 6.7133971 11.43740601 13.98330948 7.02524136]
acc: [635, 708, 1061, 1701, 2448, 3348, 4668]
solution: [ 14.14865692 23.03478502 26.34973943 4.90893907 871.16658405
 3.90823631 1.15803532 7.57665128 4.8623733 ]
acc: [875, 994, 1531, 2530, 3851, 5500, 7832]
solution: [ 7.09882182 22.15559163 15.36486892 8.51059338 1000.
 8.15596774 2.78842673 13.36878831 1.11103048]
acc: [1001, 1065, 1390, 1969, 2637, 3380, 4261]
solution: [ 7.69970023 22.3373319 43.54461698 27.2485216 730.90335754
 5.27614312 3.60128432 13.91127766 3.1790538 ]
acc: [734, 792, 1095, 1594, 2243, 2999, 3939]
solution: [ 12.43792245 29.66649831 0. 0. 910.71813698
 4.12292725 8.82236259 11.99366008 0. ]
acc: [914, 996, 1339, 1943, 2718, 3694, 4988]
solution: [ 14.11731765 31.89971801 37.66312115 27.50236889 392.73941112
 2.14181098 14.36997998 8.97751252 6.86020048]
acc: [393, 461, 783, 1315, 2023, 2938, 4289]
solution: [ 10.45780551 12.27985479 24.37082403 15.09393329 678.55002907
 0.87664311 8.47846131 13.75052505 7.58015886]
acc: [681, 767, 1123, 1784, 2590, 3570, 4893]
solution: [ 13.14054382 15.95508705 0. 2.56574475 749.56387997
 11.57128258 5.86956721 6.43786635 5.49407615]
acc: [751, 864, 1243, 1896, 2624, 3506, 4683]
solution: [ 10.94682262 17.71050747 4.49452808 0. 1000.
 6.26673797 6.16258465 15.65738403 0. ]
acc: [1006, 1096, 1490, 2221, 3106, 4027, 5262]
solution: [ 13.96986644 17.31710022 39.84002612 12.89545133 480.6242747
 8.30821237 6.40299452 1.97819298 6.51801986]
acc: [482, 558, 906, 1555, 2397, 3429, 5061]
solution: [ 14.93627925 28.41344773 8.09075713 4.36016596 710.50357509
 0. 11.43740601 13.98330948 5.9028654 ]
acc: [714, 800, 1220, 1922, 2837, 3855, 5274]
solution: [ 8.87696782 35.63013919 10.20054489 3.58184301 871.16658405
 3.90823631 1.15803532 6.74082425 4.8623733 ]
acc: [872, 949, 1235, 1786, 2417, 3155, 4014]